生成启动时间为 2017/2/8 23:17:32。
     1>项目“E:\sync_directory\workspace\SPDInv\SPDInv_CL\SPDInv_CL.vcxproj”在节点 2 上(Build 个目标)。
     1>C:\Program Files (x86)\MSBuild\Microsoft.Cpp\v4.0\V140\Microsoft.CppBuild.targets(392,5): warning MSB8028: The intermediate directory (x64\Release\) contains files shared from another project (symPosDefMatInv.vcxproj).  This can lead to incorrect clean and rebuild behavior.
     1>ClCompile:
         D:\Program Files (x86)\Microsoft Visual Studio 14.0\VC\bin\x86_amd64\CL.exe /c /Zi /nologo /W3 /WX- /sdl /O2 /Oi /GL /D NDEBUG /D _CONSOLE /D ADD_ /D HAVE_LAPACK_CONFIG_H /D LAPACK_COMPLEX_STRUCTURE /D _UNICODE /D UNICODE /Gm- /EHsc /MD /GS /Gy /fp:precise /Zc:wchar_t /Zc:forScope /Zc:inline /Yu"stdafx.h" /Fp"x64\Release\SPDInv_cl.pch" /Fo"x64\Release\\" /Fd"x64\Release\vc140.pdb" /Gd /TP /errorReport:prompt cl_cholesky_mod.cpp
         cl_cholesky_mod.cpp
     1>cl_cholesky_mod.cpp(13): warning C4101: “inOffset”: 未引用的局部变量
     1>cl_cholesky_mod.cpp(110): warning C4838: 从“int”转换到“size_t”需要收缩转换
     1>cl_cholesky_mod.cpp(180): warning C4838: 从“int”转换到“size_t”需要收缩转换
       Link:
         D:\Program Files (x86)\Microsoft Visual Studio 14.0\VC\bin\x86_amd64\link.exe /ERRORREPORT:PROMPT /OUT:"E:\sync_directory\workspace\SPDInv\x64\Release\SPDInv_cl.exe" /INCREMENTAL:NO /NOLOGO OpenCL.lib kernel32.lib user32.lib gdi32.lib winspool.lib comdlg32.lib advapi32.lib shell32.lib ole32.lib oleaut32.lib uuid.lib odbc32.lib odbccp32.lib /MANIFEST /MANIFESTUAC:"level='asInvoker' uiAccess='false'" /manifest:embed /Debug /PDB:"E:\sync_directory\workspace\SPDInv\x64\Release\SPDInv_cl.pdb" /SUBSYSTEM:CONSOLE /OPT:REF /OPT:ICF /LTCG:incremental /TLBID:1 /DYNAMICBASE /NXCOMPAT /IMPLIB:"E:\sync_directory\workspace\SPDInv\x64\Release\SPDInv_cl.lib" /MACHINE:X64 x64\Release\cl_cholesky.obj
         x64\Release\cl_common.obj
         x64\Release\cl_cholesky_mod.obj
         x64\Release\cl_SPD_inv.obj
         x64\Release\cl_trigmat_inv.obj
         x64\Release\cl_trigmat_mul.obj
         x64\Release\stdafx.obj
         x64\Release\main.obj
         正在生成代码
         2 of 156 functions ( 1.3%) were compiled, the rest were copied from previous compilation.
           0 functions were new in current compilation
           1 functions had inline decision re-evaluated but remain unchanged
         已完成代码的生成
         SPDInv_CL.vcxproj -> E:\sync_directory\workspace\SPDInv\x64\Release\SPDInv_cl.exe
     1>已完成生成项目“E:\sync_directory\workspace\SPDInv\SPDInv_CL\SPDInv_CL.vcxproj”(Build 个目标)的操作。

已成功生成。

已用时间 00:00:01.26
