e:\sync_directory\workspace\spdinv\spdinv_cl\x64\debug\spdinv_cl.pch
e:\sync_directory\workspace\spdinv\spdinv_cl\x64\debug\vc140.pdb
e:\sync_directory\workspace\spdinv\spdinv_cl\x64\debug\vc140.idb
e:\sync_directory\workspace\spdinv\spdinv_cl\x64\debug\stdafx.obj
e:\sync_directory\workspace\spdinv\spdinv_cl\x64\debug\cl_cholesky.obj
e:\sync_directory\workspace\spdinv\spdinv_cl\x64\debug\cl_common.obj
e:\sync_directory\workspace\spdinv\spdinv_cl\x64\debug\cl_cholesky_mod.obj
e:\sync_directory\workspace\spdinv\spdinv_cl\x64\debug\cl_spd_inv.obj
e:\sync_directory\workspace\spdinv\spdinv_cl\x64\debug\cl_trigmat_inv.obj
e:\sync_directory\workspace\spdinv\spdinv_cl\x64\debug\cl_trigmat_mul.obj
e:\sync_directory\workspace\spdinv\spdinv_cl\x64\debug\main.obj
e:\sync_directory\workspace\spdinv\x64\debug\spdinv_cl.ilk
e:\sync_directory\workspace\spdinv\x64\debug\spdinv_cl.exe
e:\sync_directory\workspace\spdinv\x64\debug\spdinv_cl.pdb
e:\sync_directory\workspace\spdinv\spdinv_cl\x64\debug\spdinv_cl.tlog\cl.command.1.tlog
e:\sync_directory\workspace\spdinv\spdinv_cl\x64\debug\spdinv_cl.tlog\cl.read.1.tlog
e:\sync_directory\workspace\spdinv\spdinv_cl\x64\debug\spdinv_cl.tlog\cl.write.1.tlog
e:\sync_directory\workspace\spdinv\spdinv_cl\x64\debug\spdinv_cl.tlog\link.command.1.tlog
e:\sync_directory\workspace\spdinv\spdinv_cl\x64\debug\spdinv_cl.tlog\link.read.1.tlog
e:\sync_directory\workspace\spdinv\spdinv_cl\x64\debug\spdinv_cl.tlog\link.write.1.tlog
