生成启动时间为 2016/12/25 23:18:33。
     1>项目“E:\sync_directory\workspace\symPosDefMatInv\symPosDefMatInv\symPosDefMatInv.vcxproj”在节点 2 上(Build 个目标)。
     1>Link:
         D:\Program Files (x86)\Microsoft Visual Studio 14.0\VC\bin\link.exe /ERRORREPORT:PROMPT /OUT:"E:\sync_directory\workspace\symPosDefMatInv\Debug\symPosDefMatInv.exe" /INCREMENTAL /NOLOGO OpenCL.lib kernel32.lib user32.lib gdi32.lib winspool.lib comdlg32.lib advapi32.lib shell32.lib ole32.lib oleaut32.lib uuid.lib odbc32.lib odbccp32.lib /MANIFEST /MANIFESTUAC:"level='asInvoker' uiAccess='false'" /manifest:embed /Debug /PDB:"E:\sync_directory\workspace\symPosDefMatInv\Debug\symPosDefMatInv.pdb" /SUBSYSTEM:CONSOLE /TLBID:1 /DYNAMICBASE /NXCOMPAT /IMPLIB:"E:\sync_directory\workspace\symPosDefMatInv\Debug\symPosDefMatInv.lib" /MACHINE:X86 Debug\cl_common.obj
         Debug\cl_SPD_inv.obj
         Debug\stdafx.obj
         Debug\symPosDefMatInv.obj
     1>cl_common.obj : error LNK2019: 无法解析的外部符号 _clGetPlatformIDs@12，该符号在函数 "struct _cl_device_id * __cdecl get_first_device(void)" (?get_first_device@@YAPAU_cl_device_id@@XZ) 中被引用
     1>cl_common.obj : error LNK2019: 无法解析的外部符号 _clGetDeviceIDs@24，该符号在函数 "struct _cl_device_id * __cdecl get_first_device(void)" (?get_first_device@@YAPAU_cl_device_id@@XZ) 中被引用
     1>cl_common.obj : error LNK2019: 无法解析的外部符号 _clCreateProgramWithSource@20，该符号在函数 "struct _cl_program * __cdecl build_program(struct _cl_context *,struct _cl_device_id *,char const *)" (?build_program@@YAPAU_cl_program@@PAU_cl_context@@PAU_cl_device_id@@PBD@Z) 中被引用
     1>cl_common.obj : error LNK2019: 无法解析的外部符号 _clBuildProgram@24，该符号在函数 "struct _cl_program * __cdecl build_program(struct _cl_context *,struct _cl_device_id *,char const *)" (?build_program@@YAPAU_cl_program@@PAU_cl_context@@PAU_cl_device_id@@PBD@Z) 中被引用
     1>cl_common.obj : error LNK2019: 无法解析的外部符号 _clGetProgramBuildInfo@24，该符号在函数 "struct _cl_program * __cdecl build_program(struct _cl_context *,struct _cl_device_id *,char const *)" (?build_program@@YAPAU_cl_program@@PAU_cl_context@@PAU_cl_device_id@@PBD@Z) 中被引用
     1>cl_SPD_inv.obj : error LNK2019: 无法解析的外部符号 _clCreateContext@24，该符号在函数 "void __cdecl cl_SPDInv_setup(struct SPDInv_struct *,int,int)" (?cl_SPDInv_setup@@YAXPAUSPDInv_struct@@HH@Z) 中被引用
     1>cl_SPD_inv.obj : error LNK2019: 无法解析的外部符号 _clCreateCommandQueueWithProperties@16，该符号在函数 "void __cdecl cl_SPDInv_setup(struct SPDInv_struct *,int,int)" (?cl_SPDInv_setup@@YAXPAUSPDInv_struct@@HH@Z) 中被引用
     1>cl_SPD_inv.obj : error LNK2019: 无法解析的外部符号 _clCreateBuffer@24，该符号在函数 "void __cdecl cl_SPDInv_setup(struct SPDInv_struct *,int,int)" (?cl_SPDInv_setup@@YAXPAUSPDInv_struct@@HH@Z) 中被引用
     1>cl_SPD_inv.obj : error LNK2019: 无法解析的外部符号 _clCreateKernel@12，该符号在函数 "void __cdecl cl_SPDInv_setup(struct SPDInv_struct *,int,int)" (?cl_SPDInv_setup@@YAXPAUSPDInv_struct@@HH@Z) 中被引用
     1>C:\Program Files (x86)\Intel\OpenCL SDK\6.1\\lib\x64\OpenCL.lib : warning LNK4272: 库计算机类型“x64”与目标计算机类型“X86”冲突
     1>E:\sync_directory\workspace\symPosDefMatInv\Debug\symPosDefMatInv.exe : fatal error LNK1120: 9 个无法解析的外部命令
     1>已完成生成项目“E:\sync_directory\workspace\symPosDefMatInv\symPosDefMatInv\symPosDefMatInv.vcxproj”(Build 个目标)的操作 - 失败。

生成失败。

已用时间 00:00:00.35
